<?xml version="1.0" encoding="UTF-8"?>
<testsuite xmlns:xsi="http://www.w3.org/2001/XMLSchema-instance" xsi:noNamespaceSchemaLocation="https://maven.apache.org/surefire/maven-surefire-plugin/xsd/surefire-test-report-3.0.xsd" version="3.0" name="mysql.mysql.AppTest" time="0.064" tests="1" errors="1" skipped="0" failures="0">
  <properties>
[...]
</properties>
  <testcase name="shouldAnswerWithTrue" classname="mysql.mysql.AppTest" time="0.05">
    <error type="java.sql.SQLException"><![CDATA[java.sql.SQLException: No suitable driver found for jdbc:myhost://localhost/business
	at mysql.mysql.AppTest.shouldAnswerWithTrue(AppTest.java:22)
]]></error>
  </testcase>
</testsuite>